c:\users\wada\desktop\mydirectxtk\rabbitgameproject\rabbitgameproject\x64\debug\rabbitgameproject.pch
c:\users\wada\desktop\mydirectxtk\rabbitgameproject\rabbitgameproject\x64\debug\vc140.pdb
c:\users\wada\desktop\mydirectxtk\rabbitgameproject\rabbitgameproject\x64\debug\vc140.idb
c:\users\wada\desktop\mydirectxtk\rabbitgameproject\rabbitgameproject\x64\debug\pch.obj
c:\users\wada\desktop\mydirectxtk\rabbitgameproject\rabbitgameproject\x64\debug\game.obj
c:\users\wada\desktop\mydirectxtk\rabbitgameproject\rabbitgameproject\x64\debug\main.obj
c:\users\wada\desktop\mydirectxtk\rabbitgameproject\x64\debug\rabbitgameproject.ilk
c:\users\wada\desktop\mydirectxtk\rabbitgameproject\x64\debug\rabbitgameproject.exe
c:\users\wada\desktop\mydirectxtk\rabbitgameproject\x64\debug\rabbitgameproject.pdb
c:\users\wada\desktop\mydirectxtk\rabbitgameproject\x64\debug\rabbitgameproject.lib
c:\users\wada\desktop\mydirectxtk\rabbitgameproject\x64\debug\rabbitgameproject.exp
c:\users\wada\desktop\mydirectxtk\rabbitgameproject\rabbitgameproject\x64\debug\resource.res
c:\users\wada\desktop\mydirectxtk\rabbitgameproject\rabbitgameproject\x64\debug\rabbitgameproject.exe.embed.manifest.res
c:\users\wada\desktop\mydirectxtk\rabbitgameproject\rabbitgameproject\x64\debug\rabbitgameproject.exe.embed.manifest
c:\users\wada\desktop\mydirectxtk\rabbitgameproject\rabbitgameproject\x64\debug\rabbitgameproject_manifest.rc
c:\users\wada\desktop\mydirectxtk\rabbitgameproject\rabbitgameproject\x64\debug\rabbitga.1315eb90.tlog\cl.command.1.tlog
c:\users\wada\desktop\mydirectxtk\rabbitgameproject\rabbitgameproject\x64\debug\rabbitga.1315eb90.tlog\cl.read.1.tlog
c:\users\wada\desktop\mydirectxtk\rabbitgameproject\rabbitgameproject\x64\debug\rabbitga.1315eb90.tlog\cl.write.1.tlog
c:\users\wada\desktop\mydirectxtk\rabbitgameproject\rabbitgameproject\x64\debug\rabbitga.1315eb90.tlog\link.command.1.tlog
c:\users\wada\desktop\mydirectxtk\rabbitgameproject\rabbitgameproject\x64\debug\rabbitga.1315eb90.tlog\link.read.1.tlog
c:\users\wada\desktop\mydirectxtk\rabbitgameproject\rabbitgameproject\x64\debug\rabbitga.1315eb90.tlog\link.write.1.tlog
c:\users\wada\desktop\mydirectxtk\rabbitgameproject\rabbitgameproject\x64\debug\rabbitga.1315eb90.tlog\rabbitgameproject.write.1u.tlog
c:\users\wada\desktop\mydirectxtk\rabbitgameproject\rabbitgameproject\x64\debug\rabbitga.1315eb90.tlog\rc.command.1.tlog
c:\users\wada\desktop\mydirectxtk\rabbitgameproject\rabbitgameproject\x64\debug\rabbitga.1315eb90.tlog\rc.read.1.tlog
c:\users\wada\desktop\mydirectxtk\rabbitgameproject\rabbitgameproject\x64\debug\rabbitga.1315eb90.tlog\rc.write.1.tlog
