  pch.cpp
  WICTextureLoader.cpp
  VertexTypes.cpp
  ToneMapPostProcess.cpp
  SpriteFont.cpp
  PrimitiveBatch.cpp
  SpriteBatch.cpp
  SkinnedEffect.cpp
  SimpleMath.cpp
  ScreenGrab.cpp
  NormalMapEffect.cpp
  Mouse.cpp
  ModelLoadVBO.cpp
  ModelLoadSDKMESH.cpp
  ModelLoadCMO.cpp
  Model.cpp
  Keyboard.cpp
  GraphicsMemory.cpp
  Geometry.cpp
  GeometricPrimitive.cpp
  GamePad.cpp
  コードを生成中...
  コンパイル中...
  EnvironmentMapEffect.cpp
  EffectFactory.cpp
  EffectCommon.cpp
  BinaryReader.cpp
  DualTextureEffect.cpp
  DualPostProcess.cpp
  DGSLEffectFactory.cpp
  DGSLEffect.cpp
  DDSTextureLoader.cpp
  CommonStates.cpp
  BasicPostProcess.cpp
  BasicEffect.cpp
  AlphaTestEffect.cpp
  コードを生成中...
  DirectXTK_Desktop_2015.vcxproj -> C:\Users\wada\Desktop\MyDirectXTK\RabbitGameProject\DirectXTK\Bin\Desktop_2015\Win32\Debug\DirectXTK.lib
